2010-01-22 08:43:44 Debug: Notice (1024): Please change the value of 'Security.salt' in app/config/core.php to a salt value specific to your application in [CORE\cake\libs\debugger.php, line 557]
2010-01-22 12:08:49 Debug: Notice (8): Undefined variable: javascript in [APP\views\layouts\default.ctp, line 9]
2010-01-22 12:09:06 Debug: Notice (8): Undefined variable: Javascript in [APP\views\layouts\default.ctp, line 9]
2010-01-22 12:09:08 Debug: Notice (8): Undefined variable: Javascript in [APP\views\layouts\default.ctp, line 9]
2010-01-22 12:26:37 Debug: Notice (8): Undefined variable: script_for_layout in [APP\views\layouts\default.ctp, line 9]
2010-01-22 12:30:28 Debug: Notice (8): Undefined variable: javascript in [APP\views\layouts\default.ctp, line 9]
2010-01-22 13:29:01 Debug: Notice (8): Undefined variable: script_for_layout in [APP\views\layouts\default.ctp, line 9]
2010-01-22 13:30:26 Debug: Notice (8): Undefined variable: script_for_layout in [APP\views\layouts\default.ctp, line 10]
2010-01-22 13:30:41 Debug: Notice (8): Undefined variable: script_for_layout in [APP\views\layouts\default.ctp, line 10]
2010-01-22 13:30:42 Debug: Notice (8): Undefined variable: script_for_layout in [APP\views\layouts\default.ctp, line 10]
2010-01-22 13:33:43 Debug: Notice (8): Undefined variable: javascript in [APP\views\layouts\default.ctp, line 10]
2010-01-22 13:33:46 Debug: Notice (8): Undefined variable: javascript in [APP\views\layouts\default.ctp, line 10]
2010-01-22 13:40:17 Debug: Notice (8): Undefined variable: script_for_layout in [APP\views\layouts\default.ctp, line 12]
2010-01-22 15:17:47 Debug: Notice (8): Undefined variable: javascript in [APP\views\layouts\default.ctp, line 41]
2010-01-22 15:21:45 Debug: Notice (8): Undefined variable: nextim_global_logo.gif in [APP\views\layouts\Content\NavigationBar.php, line 21]
2010-01-22 15:21:45 Debug: Notice (8): Undefined offset: 1 in [APP\views\layouts\Content\NavigationBar.php, line 22]
2010-01-22 15:21:47 Debug: Notice (8): Undefined variable: nextim_global_logo.gif in [APP\views\layouts\Content\NavigationBar.php, line 21]
2010-01-22 15:21:47 Debug: Notice (8): Undefined offset: 1 in [APP\views\layouts\Content\NavigationBar.php, line 22]
2010-01-22 15:21:49 Debug: Notice (8): Undefined variable: service_view.jpg-1263996313 in [APP\views\layouts\Content\NavigationBar.php, line 21]
2010-01-22 15:21:49 Debug: Notice (8): Undefined offset: 1 in [APP\views\layouts\Content\NavigationBar.php, line 22]
2010-01-22 15:21:53 Debug: Notice (8): Undefined variable: nextim_global_logo.gif in [APP\views\layouts\Content\NavigationBar.php, line 21]
2010-01-22 15:21:53 Debug: Notice (8): Undefined offset: 1 in [APP\views\layouts\Content\NavigationBar.php, line 22]
2010-01-22 15:24:33 Debug: Notice (8): Undefined variable: service_view.jpg-1263996313 in [APP\views\layouts\Content\NavigationBar.php, line 21]
2010-01-22 15:24:33 Debug: Notice (8): Undefined offset: 1 in [APP\views\layouts\Content\NavigationBar.php, line 22]
2010-01-22 15:28:23 Debug: Notice (8): Undefined variable: dz_view.png-1263996313 in [APP\views\layouts\Content\NavigationBar.php, line 21]
2010-01-22 15:28:23 Debug: Notice (8): Undefined offset: 1 in [APP\views\layouts\Content\NavigationBar.php, line 22]
2010-01-22 15:28:23 Debug: Notice (8): Undefined variable: dz_view1.png-1263996313 in [APP\views\layouts\Content\NavigationBar.php, line 21]
2010-01-22 15:28:23 Debug: Notice (8): Undefined offset: 1 in [APP\views\layouts\Content\NavigationBar.php, line 22]
2010-01-22 15:28:23 Debug: Notice (8): Undefined variable: icon_intro1.png-1263996313 in [APP\views\layouts\Content\NavigationBar.php, line 21]
2010-01-22 15:28:23 Debug: Notice (8): Undefined offset: 1 in [APP\views\layouts\Content\NavigationBar.php, line 22]
2010-01-22 15:28:23 Debug: Notice (8): Undefined variable: dz_view2.png-1263996313 in [APP\views\layouts\Content\NavigationBar.php, line 21]
2010-01-22 15:28:23 Debug: Notice (8): Undefined offset: 1 in [APP\views\layouts\Content\NavigationBar.php, line 22]
2010-01-22 15:28:23 Debug: Notice (8): Undefined variable: dz_view3.png-1263996313 in [APP\views\layouts\Content\NavigationBar.php, line 21]
2010-01-22 15:28:23 Debug: Notice (8): Undefined offset: 1 in [APP\views\layouts\Content\NavigationBar.php, line 22]
2010-01-22 15:28:23 Debug: Notice (8): Undefined variable: icon_intro3.png-1263996313 in [APP\views\layouts\Content\NavigationBar.php, line 21]
2010-01-22 15:28:23 Debug: Notice (8): Undefined offset: 1 in [APP\views\layouts\Content\NavigationBar.php, line 22]
2010-01-22 15:28:23 Debug: Notice (8): Undefined variable: icon_intro2.png-1263996313 in [APP\views\layouts\Content\NavigationBar.php, line 21]
2010-01-22 15:28:23 Debug: Notice (8): Undefined offset: 1 in [APP\views\layouts\Content\NavigationBar.php, line 22]
2010-01-22 15:28:24 Debug: Notice (8): Undefined variable: icon_intro4.png-1263996313 in [APP\views\layouts\Content\NavigationBar.php, line 21]
2010-01-22 15:28:24 Debug: Notice (8): Undefined offset: 1 in [APP\views\layouts\Content\NavigationBar.php, line 22]
2010-01-22 15:28:24 Debug: Notice (8): Undefined variable: icon_intro5.png-1263996313 in [APP\views\layouts\Content\NavigationBar.php, line 21]
2010-01-22 15:28:24 Debug: Notice (8): Undefined offset: 1 in [APP\views\layouts\Content\NavigationBar.php, line 22]
2010-01-22 15:28:24 Debug: Notice (8): Undefined variable: icon_intro9.png-1263996313 in [APP\views\layouts\Content\NavigationBar.php, line 21]
2010-01-22 15:28:24 Debug: Notice (8): Undefined offset: 1 in [APP\views\layouts\Content\NavigationBar.php, line 22]
2010-01-22 15:28:24 Debug: Notice (8): Undefined variable: icon_intro7.png-1263996313 in [APP\views\layouts\Content\NavigationBar.php, line 21]
2010-01-22 15:28:24 Debug: Notice (8): Undefined offset: 1 in [APP\views\layouts\Content\NavigationBar.php, line 22]
2010-01-22 15:28:24 Debug: Notice (8): Undefined variable: icon_intro6.png-1263996313 in [APP\views\layouts\Content\NavigationBar.php, line 21]
2010-01-22 15:28:24 Debug: Notice (8): Undefined offset: 1 in [APP\views\layouts\Content\NavigationBar.php, line 22]
2010-01-22 15:28:24 Debug: Notice (8): Undefined variable: icon_intro8.png-1263996313 in [APP\views\layouts\Content\NavigationBar.php, line 21]
2010-01-22 15:28:24 Debug: Notice (8): Undefined offset: 1 in [APP\views\layouts\Content\NavigationBar.php, line 22]
2010-01-22 15:28:24 Debug: Notice (8): Undefined variable: icon_intro10.png-1263996313 in [APP\views\layouts\Content\NavigationBar.php, line 21]
2010-01-22 15:28:24 Debug: Notice (8): Undefined offset: 1 in [APP\views\layouts\Content\NavigationBar.php, line 22]
2010-01-22 15:28:48 Debug: Notice (8): Undefined variable: dz_view1.png-1263996313 in [APP\views\layouts\Content\NavigationBar.php, line 21]
2010-01-22 15:28:48 Debug: Notice (8): Undefined offset: 1 in [APP\views\layouts\Content\NavigationBar.php, line 22]
2010-01-22 15:28:48 Debug: Notice (8): Undefined variable: dz_view2.png-1263996313 in [APP\views\layouts\Content\NavigationBar.php, line 21]
2010-01-22 15:28:48 Debug: Notice (8): Undefined offset: 1 in [APP\views\layouts\Content\NavigationBar.php, line 22]
2010-01-22 15:28:49 Debug: Notice (8): Undefined variable: dz_view.png-1263996313 in [APP\views\layouts\Content\NavigationBar.php, line 21]
2010-01-22 15:28:49 Debug: Notice (8): Undefined offset: 1 in [APP\views\layouts\Content\NavigationBar.php, line 22]
2010-01-22 15:28:49 Debug: Notice (8): Undefined variable: icon_intro3.png-1263996313 in [APP\views\layouts\Content\NavigationBar.php, line 21]
2010-01-22 15:28:49 Debug: Notice (8): Undefined offset: 1 in [APP\views\layouts\Content\NavigationBar.php, line 22]
2010-01-22 15:28:49 Debug: Notice (8): Undefined variable: dz_view3.png-1263996313 in [APP\views\layouts\Content\NavigationBar.php, line 21]
2010-01-22 15:28:49 Debug: Notice (8): Undefined offset: 1 in [APP\views\layouts\Content\NavigationBar.php, line 22]
2010-01-22 15:28:49 Debug: Notice (8): Undefined variable: icon_intro2.png-1263996313 in [APP\views\layouts\Content\NavigationBar.php, line 21]
2010-01-22 15:28:49 Debug: Notice (8): Undefined offset: 1 in [APP\views\layouts\Content\NavigationBar.php, line 22]
2010-01-22 15:28:49 Debug: Notice (8): Undefined variable: icon_intro4.png-1263996313 in [APP\views\layouts\Content\NavigationBar.php, line 21]
2010-01-22 15:28:49 Debug: Notice (8): Undefined offset: 1 in [APP\views\layouts\Content\NavigationBar.php, line 22]
2010-01-22 15:28:49 Debug: Notice (8): Undefined variable: icon_intro1.png-1263996313 in [APP\views\layouts\Content\NavigationBar.php, line 21]
2010-01-22 15:28:49 Debug: Notice (8): Undefined offset: 1 in [APP\views\layouts\Content\NavigationBar.php, line 22]
2010-01-22 15:28:49 Debug: Notice (8): Undefined variable: icon_intro5.png-1263996313 in [APP\views\layouts\Content\NavigationBar.php, line 21]
2010-01-22 15:28:49 Debug: Notice (8): Undefined offset: 1 in [APP\views\layouts\Content\NavigationBar.php, line 22]
2010-01-22 15:28:49 Debug: Notice (8): Undefined variable: icon_intro6.png-1263996313 in [APP\views\layouts\Content\NavigationBar.php, line 21]
2010-01-22 15:28:49 Debug: Notice (8): Undefined variable: icon_intro8.png-1263996313 in [APP\views\layouts\Content\NavigationBar.php, line 21]
2010-01-22 15:28:49 Debug: Notice (8): Undefined offset: 1 in [APP\views\layouts\Content\NavigationBar.php, line 22]
2010-01-22 15:28:49 Debug: Notice (8): Undefined variable: icon_intro7.png-1263996313 in [APP\views\layouts\Content\NavigationBar.php, line 21]
2010-01-22 15:28:49 Debug: Notice (8): Undefined variable: icon_intro10.png-1263996313 in [APP\views\layouts\Content\NavigationBar.php, line 21]
2010-01-22 15:28:49 Debug: Notice (8): Undefined offset: 1 in [APP\views\layouts\Content\NavigationBar.php, line 22]
2010-01-22 15:28:49 Debug: Notice (8): Undefined offset: 1 in [APP\views\layouts\Content\NavigationBar.php, line 22]
2010-01-22 15:28:49 Debug: Notice (8): Undefined offset: 1 in [APP\views\layouts\Content\NavigationBar.php, line 22]
2010-01-22 15:28:49 Debug: Notice (8): Undefined variable: icon_intro9.png-1263996313 in [APP\views\layouts\Content\NavigationBar.php, line 21]
2010-01-22 15:28:49 Debug: Notice (8): Undefined offset: 1 in [APP\views\layouts\Content\NavigationBar.php, line 22]
2010-01-22 15:31:06 Debug: Notice (8): Undefined variable: dz_view3.png-1263996313 in [APP\views\layouts\Content\NavigationBar.php, line 21]
2010-01-22 15:31:06 Debug: Notice (8): Undefined offset: 1 in [APP\views\layouts\Content\NavigationBar.php, line 22]
2010-01-22 15:31:06 Debug: Notice (8): Undefined variable: dz_view1.png-1263996313 in [APP\views\layouts\Content\NavigationBar.php, line 21]
2010-01-22 15:31:06 Debug: Notice (8): Undefined offset: 1 in [APP\views\layouts\Content\NavigationBar.php, line 22]
2010-01-22 15:31:06 Debug: Notice (8): Undefined variable: dz_view2.png-1263996313 in [APP\views\layouts\Content\NavigationBar.php, line 21]
2010-01-22 15:31:06 Debug: Notice (8): Undefined offset: 1 in [APP\views\layouts\Content\NavigationBar.php, line 22]
2010-01-22 15:31:06 Debug: Notice (8): Undefined variable: icon_intro2.png-1263996313 in [APP\views\layouts\Content\NavigationBar.php, line 21]
2010-01-22 15:31:06 Debug: Notice (8): Undefined offset: 1 in [APP\views\layouts\Content\NavigationBar.php, line 22]
2010-01-22 15:31:06 Debug: Notice (8): Undefined variable: icon_intro3.png-1263996313 in [APP\views\layouts\Content\NavigationBar.php, line 21]
2010-01-22 15:31:06 Debug: Notice (8): Undefined offset: 1 in [APP\views\layouts\Content\NavigationBar.php, line 22]
2010-01-22 15:31:06 Debug: Notice (8): Undefined variable: icon_intro1.png-1263996313 in [APP\views\layouts\Content\NavigationBar.php, line 21]
2010-01-22 15:31:06 Debug: Notice (8): Undefined offset: 1 in [APP\views\layouts\Content\NavigationBar.php, line 22]
2010-01-22 15:31:06 Debug: Notice (8): Undefined variable: icon_intro4.png-1263996313 in [APP\views\layouts\Content\NavigationBar.php, line 21]
2010-01-22 15:31:06 Debug: Notice (8): Undefined offset: 1 in [APP\views\layouts\Content\NavigationBar.php, line 22]
2010-01-22 15:31:07 Debug: Notice (8): Undefined variable: icon_intro5.png-1263996313 in [APP\views\layouts\Content\NavigationBar.php, line 21]
2010-01-22 15:31:07 Debug: Notice (8): Undefined offset: 1 in [APP\views\layouts\Content\NavigationBar.php, line 22]
2010-01-22 15:31:07 Debug: Notice (8): Undefined variable: icon_intro6.png-1263996313 in [APP\views\layouts\Content\NavigationBar.php, line 21]
2010-01-22 15:31:07 Debug: Notice (8): Undefined offset: 1 in [APP\views\layouts\Content\NavigationBar.php, line 22]
2010-01-22 15:31:07 Debug: Notice (8): Undefined variable: icon_intro10.png-1263996313 in [APP\views\layouts\Content\NavigationBar.php, line 21]
2010-01-22 15:31:07 Debug: Notice (8): Undefined variable: icon_intro9.png-1263996313 in [APP\views\layouts\Content\NavigationBar.php, line 21]
2010-01-22 15:31:07 Debug: Notice (8): Undefined offset: 1 in [APP\views\layouts\Content\NavigationBar.php, line 22]
2010-01-22 15:31:07 Debug: Notice (8): Undefined variable: icon_intro7.png-1263996313 in [APP\views\layouts\Content\NavigationBar.php, line 21]
2010-01-22 15:31:07 Debug: Notice (8): Undefined offset: 1 in [APP\views\layouts\Content\NavigationBar.php, line 22]
2010-01-22 15:31:07 Debug: Notice (8): Undefined variable: icon_intro8.png-1263996313 in [APP\views\layouts\Content\NavigationBar.php, line 21]
2010-01-22 15:31:07 Debug: Notice (8): Undefined offset: 1 in [APP\views\layouts\Content\NavigationBar.php, line 22]
2010-01-22 15:31:43 Debug: Notice (8): Undefined variable: service_view.jpg-1263996313 in [APP\views\layouts\Content\NavigationBar.php, line 21]
2010-01-22 15:31:43 Debug: Notice (8): Undefined offset: 1 in [APP\views\layouts\Content\NavigationBar.php, line 22]
2010-01-22 15:37:07 Debug: Notice (8): Undefined variable: icon_intro21.png-1263996313 in [APP\views\layouts\Content\NavigationBar.php, line 21]
2010-01-22 15:37:07 Debug: Notice (8): Undefined offset: 1 in [APP\views\layouts\Content\NavigationBar.php, line 22]
2010-01-22 15:37:07 Debug: Notice (8): Undefined variable: icon_intro20.png-1263996313 in [APP\views\layouts\Content\NavigationBar.php, line 21]
2010-01-22 15:37:07 Debug: Notice (8): Undefined offset: 1 in [APP\views\layouts\Content\NavigationBar.php, line 22]
2010-01-22 15:37:07 Debug: Notice (8): Undefined variable: icon_intro22.png-1263996313 in [APP\views\layouts\Content\NavigationBar.php, line 21]
2010-01-22 15:37:07 Debug: Notice (8): Undefined offset: 1 in [APP\views\layouts\Content\NavigationBar.php, line 22]
2010-01-22 15:37:13 Debug: Notice (8): Undefined variable: icon_intro21.png-1263996313 in [APP\views\layouts\Content\NavigationBar.php, line 21]
2010-01-22 15:37:13 Debug: Notice (8): Undefined offset: 1 in [APP\views\layouts\Content\NavigationBar.php, line 22]
2010-01-22 15:37:13 Debug: Notice (8): Undefined variable: icon_intro22.png-1263996313 in [APP\views\layouts\Content\NavigationBar.php, line 21]
2010-01-22 15:37:13 Debug: Notice (8): Undefined offset: 1 in [APP\views\layouts\Content\NavigationBar.php, line 22]
2010-01-22 15:37:13 Debug: Notice (8): Undefined variable: icon_intro20.png-1263996313 in [APP\views\layouts\Content\NavigationBar.php, line 21]
2010-01-22 15:37:13 Debug: Notice (8): Undefined offset: 1 in [APP\views\layouts\Content\NavigationBar.php, line 22]
2010-01-22 15:37:17 Debug: Notice (8): Undefined variable: icon_intro20.png-1263996313 in [APP\views\layouts\Content\NavigationBar.php, line 21]
2010-01-22 15:37:17 Debug: Notice (8): Undefined offset: 1 in [APP\views\layouts\Content\NavigationBar.php, line 22]
2010-01-22 15:37:17 Debug: Notice (8): Undefined variable: icon_intro21.png-1263996313 in [APP\views\layouts\Content\NavigationBar.php, line 21]
2010-01-22 15:37:17 Debug: Notice (8): Undefined offset: 1 in [APP\views\layouts\Content\NavigationBar.php, line 22]
2010-01-22 15:37:17 Debug: Notice (8): Undefined variable: icon_intro22.png-1263996313 in [APP\views\layouts\Content\NavigationBar.php, line 21]
2010-01-22 15:37:17 Debug: Notice (8): Undefined offset: 1 in [APP\views\layouts\Content\NavigationBar.php, line 22]
2010-01-22 15:47:31 Debug: Notice (8): Undefined variable: tracker.php in [APP\views\layouts\Content\NavigationBar.php, line 20]
2010-01-22 15:47:31 Debug: Notice (8): Undefined offset: 1 in [APP\views\layouts\Content\NavigationBar.php, line 21]
2010-01-22 15:47:41 Debug: Notice (8): Undefined variable: tracker.php in [APP\views\layouts\Content\NavigationBar.php, line 20]
2010-01-22 15:47:41 Debug: Notice (8): Undefined offset: 1 in [APP\views\layouts\Content\NavigationBar.php, line 21]
2010-01-22 15:47:54 Debug: Notice (8): Undefined variable: announce.php in [APP\views\layouts\Content\NavigationBar.php, line 20]
2010-01-22 15:47:54 Debug: Notice (8): Undefined offset: 1 in [APP\views\layouts\Content\NavigationBar.php, line 21]
2010-01-22 15:47:54 Debug: Notice (8): Undefined variable: announce.php in [APP\views\layouts\Content\NavigationBar.php, line 20]
2010-01-22 15:47:54 Debug: Notice (8): Undefined offset: 1 in [APP\views\layouts\Content\NavigationBar.php, line 21]
2010-01-22 15:48:06 Debug: Notice (8): Undefined variable: tracker.php in [APP\views\layouts\Content\NavigationBar.php, line 20]
2010-01-22 15:48:06 Debug: Notice (8): Undefined offset: 1 in [APP\views\layouts\Content\NavigationBar.php, line 21]
2010-01-22 15:48:33 Debug: Notice (8): Undefined variable: announce.php in [APP\views\layouts\Content\NavigationBar.php, line 20]
2010-01-22 15:48:33 Debug: Notice (8): Undefined offset: 1 in [APP\views\layouts\Content\NavigationBar.php, line 21]
2010-01-22 15:48:33 Debug: Notice (8): Undefined variable: announce.php in [APP\views\layouts\Content\NavigationBar.php, line 20]
2010-01-22 15:48:33 Debug: Notice (8): Undefined offset: 1 in [APP\views\layouts\Content\NavigationBar.php, line 21]
2010-01-22 15:48:54 Debug: Notice (8): Undefined variable: tracker.php in [APP\views\layouts\Content\NavigationBar.php, line 20]
2010-01-22 15:48:54 Debug: Notice (8): Undefined offset: 1 in [APP\views\layouts\Content\NavigationBar.php, line 21]
2010-01-22 15:49:11 Debug: Notice (8): Undefined variable: announce.php in [APP\views\layouts\Content\NavigationBar.php, line 20]
2010-01-22 15:49:11 Debug: Notice (8): Undefined offset: 1 in [APP\views\layouts\Content\NavigationBar.php, line 21]
2010-01-22 15:49:12 Debug: Notice (8): Undefined variable: announce.php in [APP\views\layouts\Content\NavigationBar.php, line 20]
2010-01-22 15:49:12 Debug: Notice (8): Undefined offset: 1 in [APP\views\layouts\Content\NavigationBar.php, line 21]
2010-01-22 15:50:18 Debug: Notice (8): Undefined variable: tracker.php in [APP\views\layouts\Content\NavigationBar.php, line 20]
2010-01-22 15:50:18 Debug: Notice (8): Undefined offset: 1 in [APP\views\layouts\Content\NavigationBar.php, line 21]
2010-01-22 15:50:30 Debug: Notice (8): Undefined variable: announce.php in [APP\views\layouts\Content\NavigationBar.php, line 20]
2010-01-22 15:50:30 Debug: Notice (8): Undefined offset: 1 in [APP\views\layouts\Content\NavigationBar.php, line 21]
2010-01-22 15:50:30 Debug: Notice (8): Undefined variable: announce.php in [APP\views\layouts\Content\NavigationBar.php, line 20]
2010-01-22 15:50:30 Debug: Notice (8): Undefined offset: 1 in [APP\views\layouts\Content\NavigationBar.php, line 21]
2010-01-22 15:52:27 Debug: Notice (8): Undefined variable: announce.php in [APP\views\layouts\Content\NavigationBar.php, line 20]
2010-01-22 15:52:27 Debug: Notice (8): Undefined offset: 1 in [APP\views\layouts\Content\NavigationBar.php, line 21]
2010-01-22 15:52:27 Debug: Notice (8): Undefined variable: announce.php in [APP\views\layouts\Content\NavigationBar.php, line 20]
2010-01-22 15:52:27 Debug: Notice (8): Undefined offset: 1 in [APP\views\layouts\Content\NavigationBar.php, line 21]
2010-01-22 15:53:06 Debug: Notice (8): Undefined variable: tracker.php in [APP\views\layouts\Content\NavigationBar.php, line 20]
2010-01-22 15:53:06 Debug: Notice (8): Undefined offset: 1 in [APP\views\layouts\Content\NavigationBar.php, line 21]
2010-01-22 15:55:42 Debug: Notice (8): Undefined variable: announce.php in [APP\views\layouts\Content\NavigationBar.php, line 20]
2010-01-22 15:55:42 Debug: Notice (8): Undefined offset: 1 in [APP\views\layouts\Content\NavigationBar.php, line 21]
2010-01-22 15:55:42 Debug: Notice (8): Undefined variable: announce.php in [APP\views\layouts\Content\NavigationBar.php, line 20]
2010-01-22 15:55:42 Debug: Notice (8): Undefined offset: 1 in [APP\views\layouts\Content\NavigationBar.php, line 21]
2010-01-22 15:58:29 Debug: Notice (8): Undefined variable: tracker.php in [APP\views\layouts\Content\NavigationBar.php, line 20]
2010-01-22 15:58:29 Debug: Notice (8): Undefined offset: 1 in [APP\views\layouts\Content\NavigationBar.php, line 21]
2010-01-22 16:01:33 Debug: Notice (8): Undefined variable: announce.php in [APP\views\layouts\Content\NavigationBar.php, line 20]
2010-01-22 16:01:33 Debug: Notice (8): Undefined offset: 1 in [APP\views\layouts\Content\NavigationBar.php, line 21]
2010-01-22 16:01:33 Debug: Notice (8): Undefined variable: announce.php in [APP\views\layouts\Content\NavigationBar.php, line 20]
2010-01-22 16:01:33 Debug: Notice (8): Undefined offset: 1 in [APP\views\layouts\Content\NavigationBar.php, line 21]
2010-01-22 16:09:18 Debug: Notice (8): Undefined variable: tracker.php in [APP\views\layouts\Content\NavigationBar.php, line 20]
2010-01-22 16:09:18 Debug: Notice (8): Undefined offset: 1 in [APP\views\layouts\Content\NavigationBar.php, line 21]
2010-01-22 16:11:16 Debug: Notice (8): Undefined variable: nextim_global_logo.gif-1263996313 in [APP\views\layouts\Content\NavigationBar.php, line 20]
2010-01-22 16:11:16 Debug: Notice (8): Undefined offset: 1 in [APP\views\layouts\Content\NavigationBar.php, line 21]
2010-01-22 16:11:26 Debug: Notice (8): Undefined variable: nextim_global_logo.gif in [APP\views\layouts\Content\NavigationBar.php, line 20]
2010-01-22 16:11:26 Debug: Notice (8): Undefined offset: 1 in [APP\views\layouts\Content\NavigationBar.php, line 21]
2010-01-22 16:12:11 Debug: Notice (8): Undefined variable: nextim_global_logo.gif in [APP\views\layouts\Content\NavigationBar.php, line 20]
2010-01-22 16:12:11 Debug: Notice (8): Undefined offset: 1 in [APP\views\layouts\Content\NavigationBar.php, line 21]
2010-01-22 16:12:12 Debug: Notice (8): Undefined variable: nextim_global_logo.gif in [APP\views\layouts\Content\NavigationBar.php, line 20]
2010-01-22 16:12:12 Debug: Notice (8): Undefined offset: 1 in [APP\views\layouts\Content\NavigationBar.php, line 21]
2010-01-22 16:12:19 Debug: Notice (8): Undefined variable: nextim_global_logo.gif in [APP\views\layouts\Content\NavigationBar.php, line 20]
2010-01-22 16:12:19 Debug: Notice (8): Undefined offset: 1 in [APP\views\layouts\Content\NavigationBar.php, line 21]
2010-01-22 16:12:36 Debug: Notice (8): Undefined variable: announce.php in [APP\views\layouts\Content\NavigationBar.php, line 20]
2010-01-22 16:12:36 Debug: Notice (8): Undefined offset: 1 in [APP\views\layouts\Content\NavigationBar.php, line 21]
2010-01-22 16:12:36 Debug: Notice (8): Undefined variable: announce.php in [APP\views\layouts\Content\NavigationBar.php, line 20]
2010-01-22 16:12:36 Debug: Notice (8): Undefined offset: 1 in [APP\views\layouts\Content\NavigationBar.php, line 21]
2010-01-22 16:23:32 Debug: Notice (8): Undefined variable: products_uc in [APP\views\layouts\Content\NavigationBar.php, line 20]
2010-01-22 16:23:32 Debug: Notice (8): Undefined offset: 1 in [APP\views\layouts\Content\NavigationBar.php, line 21]
2010-01-22 16:23:47 Debug: Notice (8): Undefined variable: product_uc in [APP\views\layouts\Content\NavigationBar.php, line 20]
2010-01-22 16:23:47 Debug: Notice (8): Undefined offset: 1 in [APP\views\layouts\Content\NavigationBar.php, line 21]
2010-01-22 16:25:43 Debug: Notice (8): Undefined variable: product_uc in [APP\views\layouts\Content\NavigationBar.php, line 20]
2010-01-22 16:25:43 Debug: Notice (8): Undefined offset: 1 in [APP\views\layouts\Content\NavigationBar.php, line 21]
2010-01-22 16:25:46 Debug: Notice (8): Undefined variable: products.htm in [APP\views\layouts\Content\NavigationBar.php, line 20]
2010-01-22 16:25:46 Debug: Notice (8): Undefined offset: 1 in [APP\views\layouts\Content\NavigationBar.php, line 21]
2010-01-22 16:25:51 Debug: Notice (8): Undefined variable: product_uc in [APP\views\layouts\Content\NavigationBar.php, line 20]
2010-01-22 16:25:51 Debug: Notice (8): Undefined offset: 1 in [APP\views\layouts\Content\NavigationBar.php, line 21]
2010-01-22 16:28:55 Debug: Notice (8): Undefined variable: product_uc in [APP\views\layouts\Content\NavigationBar.php, line 24]
2010-01-22 16:28:55 Debug: Notice (8): Undefined offset: 1 in [APP\views\layouts\Content\NavigationBar.php, line 25]
2010-01-22 16:29:06 Debug: Notice (8): Undefined variable: products.htm in [APP\views\layouts\Content\NavigationBar.php, line 24]
2010-01-22 16:29:06 Debug: Notice (8): Undefined offset: 1 in [APP\views\layouts\Content\NavigationBar.php, line 25]
2010-01-22 16:29:33 Debug: Notice (8): Undefined variable: product_uc in [APP\views\layouts\Content\NavigationBar.php, line 24]
2010-01-22 16:29:33 Debug: Notice (8): Undefined offset: 1 in [APP\views\layouts\Content\NavigationBar.php, line 25]
2010-01-22 16:30:16 Debug: Notice (8): Undefined variable: product_uc in [APP\views\layouts\Content\NavigationBar.php, line 24]
2010-01-22 16:30:16 Debug: Notice (8): Undefined offset: 1 in [APP\views\layouts\Content\NavigationBar.php, line 25]
2010-01-22 16:30:17 Debug: Notice (8): Undefined variable: product_uc in [APP\views\layouts\Content\NavigationBar.php, line 24]
2010-01-22 16:30:17 Debug: Notice (8): Undefined offset: 1 in [APP\views\layouts\Content\NavigationBar.php, line 25]
2010-01-22 16:30:21 Debug: Notice (8): Undefined variable: products.htm in [APP\views\layouts\Content\NavigationBar.php, line 24]
2010-01-22 16:30:21 Debug: Notice (8): Undefined offset: 1 in [APP\views\layouts\Content\NavigationBar.php, line 25]
2010-01-22 16:30:24 Debug: Notice (8): Undefined variable: product_uc in [APP\views\layouts\Content\NavigationBar.php, line 24]
2010-01-22 16:30:24 Debug: Notice (8): Undefined offset: 1 in [APP\views\layouts\Content\NavigationBar.php, line 25]
2010-01-22 16:30:26 Debug: Notice (8): Undefined variable: product_uc in [APP\views\layouts\Content\NavigationBar.php, line 24]
2010-01-22 16:30:26 Debug: Notice (8): Undefined offset: 1 in [APP\views\layouts\Content\NavigationBar.php, line 25]
2010-01-22 16:30:28 Debug: Notice (8): Undefined variable: product_uc in [APP\views\layouts\Content\NavigationBar.php, line 24]
2010-01-22 16:30:28 Debug: Notice (8): Undefined offset: 1 in [APP\views\layouts\Content\NavigationBar.php, line 25]
2010-01-22 16:30:29 Debug: Notice (8): Undefined variable: product_uc in [APP\views\layouts\Content\NavigationBar.php, line 24]
2010-01-22 16:30:29 Debug: Notice (8): Undefined offset: 1 in [APP\views\layouts\Content\NavigationBar.php, line 25]
2010-01-22 16:30:40 Debug: Notice (8): Undefined variable: product_uc in [APP\views\layouts\Content\NavigationBar.php, line 24]
2010-01-22 16:30:40 Debug: Notice (8): Undefined offset: 1 in [APP\views\layouts\Content\NavigationBar.php, line 25]
2010-01-22 16:30:41 Debug: Notice (8): Undefined variable: tracker.php in [APP\views\layouts\Content\NavigationBar.php, line 24]
2010-01-22 16:30:41 Debug: Notice (8): Undefined offset: 1 in [APP\views\layouts\Content\NavigationBar.php, line 25]
2010-01-22 16:30:42 Debug: Notice (8): Undefined variable: product_uc in [APP\views\layouts\Content\NavigationBar.php, line 24]
2010-01-22 16:30:42 Debug: Notice (8): Undefined offset: 1 in [APP\views\layouts\Content\NavigationBar.php, line 25]
2010-01-22 16:30:46 Debug: Notice (8): Undefined variable: product_uc in [APP\views\layouts\Content\NavigationBar.php, line 24]
2010-01-22 16:30:47 Debug: Notice (8): Undefined offset: 1 in [APP\views\layouts\Content\NavigationBar.php, line 25]
2010-01-22 16:33:15 Debug: Notice (8): Undefined variable: product_uc in [APP\views\layouts\Content\NavigationBar.php, line 20]
2010-01-22 16:33:16 Debug: Notice (8): Undefined offset: 1 in [APP\views\layouts\Content\NavigationBar.php, line 21]
2010-01-22 16:34:00 Debug: Notice (8): Undefined variable: product_uc in [APP\views\layouts\Content\NavigationBar.php, line 20]
2010-01-22 16:34:00 Debug: Notice (8): Undefined offset: 1 in [APP\views\layouts\Content\NavigationBar.php, line 21]
2010-01-22 16:34:02 Debug: Notice (8): Undefined variable: announce.php in [APP\views\layouts\Content\NavigationBar.php, line 20]
2010-01-22 16:34:02 Debug: Notice (8): Undefined offset: 1 in [APP\views\layouts\Content\NavigationBar.php, line 21]
2010-01-22 16:34:03 Debug: Notice (8): Undefined variable: announce.php in [APP\views\layouts\Content\NavigationBar.php, line 20]
2010-01-22 16:34:03 Debug: Notice (8): Undefined offset: 1 in [APP\views\layouts\Content\NavigationBar.php, line 21]
2010-01-22 16:38:24 Debug: Notice (8): Undefined variable: product_uc in [APP\views\layouts\Content\NavigationBar.php, line 20]
2010-01-22 16:38:24 Debug: Notice (8): Undefined offset: 1 in [APP\views\layouts\Content\NavigationBar.php, line 21]
2010-01-22 16:45:08 Debug: Notice (8): Undefined variable: uchome.htm in [APP\views\layouts\Content\NavigationBar.php, line 21]
2010-01-22 16:45:08 Debug: Notice (8): Undefined offset: 1 in [APP\views\layouts\Content\NavigationBar.php, line 22]
2010-01-22 16:46:46 Debug: Notice (8): Undefined variable: products.htm in [APP\views\layouts\Content\NavigationBar.php, line 21]
2010-01-22 16:46:46 Debug: Notice (8): Undefined offset: 1 in [APP\views\layouts\Content\NavigationBar.php, line 22]
2010-01-23 15:46:56 Debug: Notice (8): Undefined index: nicename in [APP\controllers\accounts_controller.php, line 179]
2010-01-23 15:48:59 Debug: Notice (8): Undefined index: nicename in [APP\controllers\accounts_controller.php, line 179]
2010-01-23 15:51:18 Debug: Notice (8): Undefined index: nicename in [APP\controllers\accounts_controller.php, line 179]
2010-01-23 15:56:18 Debug: Notice (8): Undefined index: display_name in [APP\controllers\accounts_controller.php, line 182]
2010-01-23 15:57:21 Debug: Notice (8): Undefined index: display_name in [APP\controllers\accounts_controller.php, line 182]
2010-01-23 15:58:39 Debug: Notice (8): Undefined index: display_name in [APP\controllers\accounts_controller.php, line 182]
2010-01-23 16:47:11 Debug: Notice (8): Undefined index: display_name in [APP\controllers\accounts_controller.php, line 182]
2010-01-23 16:48:30 Debug: Notice (8): Undefined index: display_name in [APP\controllers\accounts_controller.php, line 182]
2010-01-24 10:19:05 Debug: Notice (8): Undefined index: User in [APP\controllers\accounts_controller.php, line 168]
2010-01-24 10:27:29 Debug: Notice (8): Undefined variable: results in [APP\controllers\accounts_controller.php, line 261]
2010-01-24 10:27:29 Debug: Notice (8): Undefined variable: results in [APP\controllers\accounts_controller.php, line 262]
2010-01-24 10:33:20 Debug: Notice (8): Undefined index: User in [APP\controllers\accounts_controller.php, line 168]
2010-01-24 10:36:38 Debug: Notice (8): Undefined property: View::$Auth in [APP\views\layouts\content\LogInOut.php, line 3]
2010-01-24 11:39:33 Debug: Notice (8): Undefined property: View::$Auth in [APP\views\layouts\content\LogInOut.php, line 3]
2010-01-24 11:46:32 Debug: Notice (8): Undefined variable: session in [APP\controllers\accounts_controller.php, line 263]
2010-01-24 12:05:07 Debug: Notice (8): Undefined index: User in [APP\controllers\accounts_controller.php, line 169]
2010-01-24 12:08:16 Debug: Notice (8): Undefined index: User in [APP\controllers\accounts_controller.php, line 169]
2010-01-24 12:12:27 Debug: Notice (8): Undefined index: User in [APP\controllers\accounts_controller.php, line 169]
2010-01-24 12:17:02 Debug: Notice (8): Undefined index: User in [APP\controllers\accounts_controller.php, line 169]
2010-01-24 12:22:08 Debug: Notice (8): Undefined index: User in [APP\controllers\accounts_controller.php, line 169]
2010-01-24 12:24:00 Debug: Notice (8): Undefined index: User in [APP\controllers\accounts_controller.php, line 169]
2010-01-24 12:24:00 Debug: Notice (8): Undefined index: login in [APP\models\account.php, line 22]
2010-01-24 12:27:23 Debug: Notice (8): Undefined index: User in [APP\controllers\accounts_controller.php, line 169]
2010-01-24 12:27:23 Debug: Notice (8): Undefined variable: hasdedPasswords in [APP\controllers\accounts_controller.php, line 192]
2010-01-24 12:27:23 Debug: Notice (8): Undefined index: login in [APP\models\account.php, line 22]
2010-01-24 12:29:18 Debug: Notice (8): Undefined variable: hasdedPasswords in [APP\controllers\accounts_controller.php, line 192]
2010-01-24 12:29:18 Debug: Notice (8): Undefined index: login in [APP\models\account.php, line 22]
2010-01-24 12:32:10 Debug: Notice (8): Undefined variable: hasdedPasswords in [APP\controllers\accounts_controller.php, line 193]
2010-01-24 12:32:10 Debug: Notice (8): Undefined index: login in [APP\models\account.php, line 22]
2010-01-24 12:33:31 Debug: Notice (8): Undefined variable: hasdedPasswords in [APP\controllers\accounts_controller.php, line 193]
2010-01-24 12:42:27 Debug: Notice (8): Undefined variable: results in [APP\controllers\accounts_controller.php, line 195]
2010-01-24 12:42:55 Debug: Notice (8): Undefined variable: results in [APP\controllers\accounts_controller.php, line 195]
2010-01-24 15:48:17 Debug: Notice (8): Undefined variable: form in [APP\views\accounts\register.ctp, line 2]
2010-01-24 16:10:25 Debug: Notice (8): Undefined index: auth in [APP\controllers\accounts_controller.php, line 21]
2010-01-24 16:10:52 Debug: Notice (8): Undefined index: auth in [APP\controllers\accounts_controller.php, line 26]
2010-01-24 16:11:03 Debug: Notice (8): Undefined index: auth in [APP\controllers\accounts_controller.php, line 26]
2010-01-24 16:11:07 Debug: Notice (8): Undefined index: auth in [APP\controllers\accounts_controller.php, line 26]
2010-01-24 16:11:17 Debug: Notice (8): Undefined index: auth in [APP\controllers\accounts_controller.php, line 26]
2010-01-24 16:23:24 Debug: Notice (8): Undefined property: View::$Auth in [APP\views\layouts\content\LogInOut.php, line 3]
2010-01-24 20:57:40 Debug: Notice (8): Undefined variable: _SEESION in [APP\views\sites\register.ctp, line 22]
2010-01-24 20:58:22 Debug: Notice (8): Undefined index: id in [APP\views\sites\register.ctp, line 22]
2010-01-24 22:23:03 Debug: Notice (8): Undefined index: Auth in [APP\views\sites\register.ctp, line 22]
2010-01-25 09:45:48 Debug: Notice (8): Undefined index: created_at in [APP\views\accounts\view.ctp, line 33]
2010-01-25 09:45:48 Debug: Notice (8): Undefined index: updated_at in [APP\views\accounts\view.ctp, line 36]
2010-01-25 09:46:48 Debug: Notice (8): Undefined index: apikey in [APP\controllers\sites_controller.php, line 26]
2010-01-25 09:50:43 Debug: Notice (8): Undefined index: created_at in [APP\views\sites\index.ctp, line 41]
2010-01-25 09:50:43 Debug: Notice (8): Undefined index: updated_at in [APP\views\sites\index.ctp, line 44]
2010-01-25 10:07:17 Debug: Notice (8): Undefined index: Account in [APP\controllers\sites_controller.php, line 13]
2010-01-25 10:07:17 Debug: Notice (8): Undefined variable: site in [APP\views\sites\index.ctp, line 70]
2010-01-25 12:19:41 Debug: Notice (8): Undefined index: Account in [APP\controllers\sites_controller.php, line 13]
